<?xml version="1.0" encoding="UTF-8"?>
<testsuite xmlns:xsi="http://www.w3.org/2001/XMLSchema-instance" xsi:noNamespaceSchemaLocation="https://maven.apache.org/surefire/maven-surefire-plugin/xsd/surefire-test-report.xsd" name="fr.carbonit.treasurehunt.businessservice.carte.impl.CarteBSImplTest" time="0.55" tests="7" errors="0" skipped="0" failures="0">
  <properties>
[...]
</properties>
  <testcase name="placerAventurier" classname="fr.carbonit.treasurehunt.businessservice.carte.impl.CarteBSImplTest" time="0.062"/>
  <testcase name="isInsideMap_false" classname="fr.carbonit.treasurehunt.businessservice.carte.impl.CarteBSImplTest" time="0.053"/>
  <testcase name="estCaseAccessible_false_Aventurier" classname="fr.carbonit.treasurehunt.businessservice.carte.impl.CarteBSImplTest" time="0.069"/>
  <testcase name="estCaseAccessible_true" classname="fr.carbonit.treasurehunt.businessservice.carte.impl.CarteBSImplTest" time="0.062"/>
  <testcase name="estCaseAccessible_false_montagne" classname="fr.carbonit.treasurehunt.businessservice.carte.impl.CarteBSImplTest" time="0.069"/>
  <testcase name="isInsideMap_true" classname="fr.carbonit.treasurehunt.businessservice.carte.impl.CarteBSImplTest" time="0.053"/>
  <testcase name="trouverDimension" classname="fr.carbonit.treasurehunt.businessservice.carte.impl.CarteBSImplTest" time="0.053"/>
</testsuite>